{"total": {"lines":{"total":5,"covered":4,"skipped":0,"pct":80},"statements":{"total":5,"covered":4,"skipped":0,"pct":80},"functions":{"total":2,"covered":1,"skipped":0,"pct":50},"branches":{"total":1,"covered":0,"skipped":0,"pct":0},"branchesTrue":{"total":0,"covered":0,"skipped":0,"pct":"Unknown"}}
,"/workspace/src/MockProvider.tsx": {"lines":{"total":5,"covered":4,"skipped":0,"pct":80},"functions":{"total":2,"covered":1,"skipped":0,"pct":50},"statements":{"total":5,"covered":4,"skipped":0,"pct":80},"branches":{"total":1,"covered":0,"skipped":0,"pct":0}}
}
