{"total": {"lines":{"total":7,"covered":5,"skipped":0,"pct":71.42},"statements":{"total":7,"covered":5,"skipped":0,"pct":71.42},"functions":{"total":1,"covered":1,"skipped":0,"pct":100},"branches":{"total":3,"covered":1,"skipped":0,"pct":33.33},"branchesTrue":{"total":0,"covered":0,"skipped":0,"pct":"Unknown"}}
,"/workspace/src/MockProvider.tsx": {"lines":{"total":7,"covered":5,"skipped":0,"pct":71.42},"functions":{"total":1,"covered":1,"skipped":0,"pct":100},"statements":{"total":7,"covered":5,"skipped":0,"pct":71.42},"branches":{"total":3,"covered":1,"skipped":0,"pct":33.33}}
}
